TN:
SF:httpdumper.js
FN:4,(anonymous_0)
FN:9,(anonymous_1)
FN:11,(anonymous_2)
FN:22,(anonymous_3)
FN:34,(anonymous_4)
FN:46,(anonymous_5)
FN:49,(anonymous_6)
FNF:7
FNH:7
FNDA:4,(anonymous_0)
FNDA:4,(anonymous_1)
FNDA:12,(anonymous_2)
FNDA:4,(anonymous_3)
FNDA:4,(anonymous_4)
FNDA:2,(anonymous_5)
FNDA:4,(anonymous_6)
DA:1,1
DA:2,1
DA:4,1
DA:5,4
DA:6,4
DA:9,1
DA:10,4
DA:11,4
DA:12,12
DA:19,4
DA:22,1
DA:23,4
DA:24,4
DA:30,4
DA:31,4
DA:34,1
DA:35,4
DA:37,4
DA:38,4
DA:43,4
DA:45,4
DA:47,2
DA:50,4
DA:51,4
DA:52,4
DA:54,4
DA:55,2
DA:59,4
DA:60,2
DA:64,1
LF:30
LH:30
BRDA:34,0,0,2
BRDA:34,1,0,2
BRDA:34,2,0,4
BRDA:40,3,0,4
BRDA:40,3,1,4
BRDA:54,4,0,2
BRDA:54,4,1,2
BRDA:59,5,0,2
BRDA:59,5,1,2
BRF:9
BRH:9
end_of_record
